{"C:\\Users\\User\\Desktop\\git\\gestNoteRanking\\server\\app.js": {"path":"C:\\Users\\User\\Desktop\\git\\gestNoteRanking\\server\\app.js","statementMap":{"0":{"start":{"line":1,"column":16},"end":{"line":1,"column":34}},"1":{"start":{"line":2,"column":13},"end":{"line":2,"column":28}},"2":{"start":{"line":3,"column":13},"end":{"line":3,"column":28}},"3":{"start":{"line":4,"column":15},"end":{"line":4,"column":32}},"4":{"start":{"line":5,"column":18},"end":{"line":5,"column":47}},"5":{"start":{"line":6,"column":17},"end":{"line":6,"column":54}},"6":{"start":{"line":8,"column":20},"end":{"line":8,"column":51}},"7":{"start":{"line":9,"column":28},"end":{"line":9,"column":67}},"8":{"start":{"line":11,"column":12},"end":{"line":11,"column":21}},"9":{"start":{"line":13,"column":0},"end":{"line":13,"column":24}},"10":{"start":{"line":14,"column":0},"end":{"line":14,"column":16}},"11":{"start":{"line":15,"column":0},"end":{"line":15,"column":56}},"12":{"start":{"line":16,"column":0},"end":{"line":22,"column":2}},"13":{"start":{"line":24,"column":26},"end":{"line":24,"column":42}},"14":{"start":{"line":25,"column":29},"end":{"line":25,"column":67}},"15":{"start":{"line":28,"column":0},"end":{"line":30,"column":3}},"16":{"start":{"line":29,"column":4},"end":{"line":29,"column":29}},"17":{"start":{"line":33,"column":23},"end":{"line":37,"column":1}},"18":{"start":{"line":38,"column":0},"end":{"line":46,"column":4}},"19":{"start":{"line":40,"column":4},"end":{"line":40,"column":45}},"20":{"start":{"line":40,"column":17},"end":{"line":40,"column":45}},"21":{"start":{"line":41,"column":4},"end":{"line":43,"column":5}},"22":{"start":{"line":41,"column":33},"end":{"line":41,"column":53}},"23":{"start":{"line":42,"column":6},"end":{"line":42,"column":34}},"24":{"start":{"line":44,"column":4},"end":{"line":44,"column":54}},"25":{"start":{"line":49,"column":20},"end":{"line":49,"column":47}},"26":{"start":{"line":50,"column":2},"end":{"line":52,"column":3}},"27":{"start":{"line":51,"column":4},"end":{"line":51,"column":70}},"28":{"start":{"line":53,"column":2},"end":{"line":53,"column":9}},"29":{"start":{"line":57,"column":0},"end":{"line":57,"column":43}},"30":{"start":{"line":59,"column":0},"end":{"line":59,"column":29}},"31":{"start":{"line":60,"column":0},"end":{"line":60,"column":48}},"32":{"start":{"line":62,"column":0},"end":{"line":62,"column":21}},"33":{"start":{"line":63,"column":0},"end":{"line":63,"column":57}}},"fnMap":{"0":{"name":"(anonymous_0)","decl":{"start":{"line":28,"column":13},"end":{"line":28,"column":14}},"loc":{"start":{"line":28,"column":33},"end":{"line":30,"column":1}},"line":28},"1":{"name":"(anonymous_1)","decl":{"start":{"line":39,"column":10},"end":{"line":39,"column":11}},"loc":{"start":{"line":39,"column":38},"end":{"line":45,"column":3}},"line":39},"2":{"name":"(anonymous_2)","decl":{"start":{"line":41,"column":28},"end":{"line":41,"column":29}},"loc":{"start":{"line":41,"column":33},"end":{"line":41,"column":53}},"line":41},"3":{"name":"userAgentMiddleware","decl":{"start":{"line":48,"column":9},"end":{"line":48,"column":28}},"loc":{"start":{"line":48,"column":45},"end":{"line":54,"column":1}},"line":48}},"branchMap":{"0":{"loc":{"start":{"line":40,"column":4},"end":{"line":40,"column":45}},"type":"if","locations":[{"start":{"line":40,"column":4},"end":{"line":40,"column":45}},{"start":{},"end":{}}],"line":40},"1":{"loc":{"start":{"line":41,"column":4},"end":{"line":43,"column":5}},"type":"if","locations":[{"start":{"line":41,"column":4},"end":{"line":43,"column":5}},{"start":{},"end":{}}],"line":41},"2":{"loc":{"start":{"line":49,"column":20},"end":{"line":49,"column":47}},"type":"binary-expr","locations":[{"start":{"line":49,"column":20},"end":{"line":49,"column":41}},{"start":{"line":49,"column":45},"end":{"line":49,"column":47}}],"line":49},"3":{"loc":{"start":{"line":50,"column":2},"end":{"line":52,"column":3}},"type":"if","locations":[{"start":{"line":50,"column":2},"end":{"line":52,"column":3}},{"start":{},"end":{}}],"line":50}},"s":{"0":2,"1":2,"2":2,"3":2,"4":2,"5":2,"6":2,"7":2,"8":2,"9":2,"10":2,"11":2,"12":2,"13":2,"14":2,"15":2,"16":0,"17":2,"18":2,"19":20,"20":19,"21":1,"22":3,"23":0,"24":1,"25":17,"26":17,"27":1,"28":16,"29":2,"30":2,"31":2,"32":2,"33":2},"f":{"0":0,"1":20,"2":3,"3":17},"b":{"0":[19,1],"1":[0,1],"2":[17,0],"3":[1,16]},"_coverageSchema":"1a1c01bbd47fc00a2c39e90264f33305004495a9","hash":"81d78c2eaaa3355d8b7747d332bd4855332726e3"}
,"C:\\Users\\User\\Desktop\\git\\gestNoteRanking\\server\\controllers\\privacyPolicy.controller.js": {"path":"C:\\Users\\User\\Desktop\\git\\gestNoteRanking\\server\\controllers\\privacyPolicy.controller.js","statementMap":{"0":{"start":{"line":1,"column":13},"end":{"line":1,"column":28}},"1":{"start":{"line":8,"column":25},"end":{"line":10,"column":1}},"2":{"start":{"line":9,"column":4},"end":{"line":9,"column":74}},"3":{"start":{"line":12,"column":0},"end":{"line":14,"column":2}}},"fnMap":{"0":{"name":"(anonymous_0)","decl":{"start":{"line":8,"column":25},"end":{"line":8,"column":26}},"loc":{"start":{"line":8,"column":39},"end":{"line":10,"column":1}},"line":8}},"branchMap":{},"s":{"0":2,"1":2,"2":2,"3":2},"f":{"0":2},"b":{},"_coverageSchema":"1a1c01bbd47fc00a2c39e90264f33305004495a9","hash":"019d8d7a1c06668c381023210af77c32d875be01"}
,"C:\\Users\\User\\Desktop\\git\\gestNoteRanking\\server\\controllers\\ranks.controller.js": {"path":"C:\\Users\\User\\Desktop\\git\\gestNoteRanking\\server\\controllers\\ranks.controller.js","statementMap":{"0":{"start":{"line":1,"column":19},"end":{"line":1,"column":51}},"1":{"start":{"line":2,"column":35},"end":{"line":2,"column":63}},"2":{"start":{"line":3,"column":15},"end":{"line":3,"column":32}},"3":{"start":{"line":11,"column":20},"end":{"line":18,"column":1}},"4":{"start":{"line":12,"column":2},"end":{"line":17,"column":3}},"5":{"start":{"line":13,"column":18},"end":{"line":13,"column":43}},"6":{"start":{"line":14,"column":4},"end":{"line":14,"column":32}},"7":{"start":{"line":16,"column":4},"end":{"line":16,"column":49}},"8":{"start":{"line":26,"column":16},"end":{"line":40,"column":1}},"9":{"start":{"line":27,"column":2},"end":{"line":39,"column":3}},"10":{"start":{"line":28,"column":17},"end":{"line":28,"column":32}},"11":{"start":{"line":29,"column":17},"end":{"line":29,"column":55}},"12":{"start":{"line":30,"column":4},"end":{"line":32,"column":5}},"13":{"start":{"line":31,"column":6},"end":{"line":31,"column":91}},"14":{"start":{"line":33,"column":19},"end":{"line":33,"column":93}},"15":{"start":{"line":34,"column":19},"end":{"line":34,"column":68}},"16":{"start":{"line":35,"column":22},"end":{"line":35,"column":60}},"17":{"start":{"line":35,"column":44},"end":{"line":35,"column":59}},"18":{"start":{"line":36,"column":4},"end":{"line":36,"column":74}},"19":{"start":{"line":38,"column":4},"end":{"line":38,"column":49}},"20":{"start":{"line":42,"column":34},"end":{"line":48,"column":1}},"21":{"start":{"line":57,"column":19},"end":{"line":94,"column":1}},"22":{"start":{"line":58,"column":2},"end":{"line":93,"column":3}},"23":{"start":{"line":60,"column":24},"end":{"line":60,"column":51}},"24":{"start":{"line":61,"column":4},"end":{"line":64,"column":5}},"25":{"start":{"line":62,"column":6},"end":{"line":62,"column":49}},"26":{"start":{"line":63,"column":6},"end":{"line":63,"column":81}},"27":{"start":{"line":65,"column":22},"end":{"line":65,"column":53}},"28":{"start":{"line":66,"column":20},"end":{"line":66,"column":44}},"29":{"start":{"line":67,"column":30},"end":{"line":67,"column":100}},"30":{"start":{"line":68,"column":4},"end":{"line":70,"column":5}},"31":{"start":{"line":69,"column":6},"end":{"line":69,"column":72}},"32":{"start":{"line":71,"column":19},"end":{"line":71,"column":40}},"33":{"start":{"line":72,"column":4},"end":{"line":74,"column":5}},"34":{"start":{"line":73,"column":6},"end":{"line":73,"column":62}},"35":{"start":{"line":75,"column":57},"end":{"line":75,"column":65}},"36":{"start":{"line":77,"column":4},"end":{"line":81,"column":5}},"37":{"start":{"line":80,"column":6},"end":{"line":80,"column":61}},"38":{"start":{"line":82,"column":19},"end":{"line":82,"column":90}},"39":{"start":{"line":83,"column":25},"end":{"line":83,"column":56}},"40":{"start":{"line":84,"column":4},"end":{"line":87,"column":5}},"41":{"start":{"line":85,"column":24},"end":{"line":85,"column":55}},"42":{"start":{"line":86,"column":6},"end":{"line":86,"column":45}},"43":{"start":{"line":88,"column":22},"end":{"line":88,"column":80}},"44":{"start":{"line":89,"column":4},"end":{"line":89,"column":36}},"45":{"start":{"line":91,"column":4},"end":{"line":91,"column":51}},"46":{"start":{"line":92,"column":4},"end":{"line":92,"column":49}},"47":{"start":{"line":103,"column":17},"end":{"line":103,"column":33}},"48":{"start":{"line":104,"column":20},"end":{"line":104,"column":84}},"49":{"start":{"line":105,"column":2},"end":{"line":105,"column":19}},"50":{"start":{"line":117,"column":18},"end":{"line":123,"column":4}},"51":{"start":{"line":124,"column":20},"end":{"line":124,"column":40}},"52":{"start":{"line":125,"column":2},"end":{"line":125,"column":19}},"53":{"start":{"line":128,"column":19},"end":{"line":135,"column":1}},"54":{"start":{"line":129,"column":2},"end":{"line":134,"column":3}},"55":{"start":{"line":130,"column":17},"end":{"line":130,"column":75}},"56":{"start":{"line":131,"column":4},"end":{"line":131,"column":31}},"57":{"start":{"line":133,"column":4},"end":{"line":133,"column":49}},"58":{"start":{"line":137,"column":0},"end":{"line":143,"column":2}}},"fnMap":{"0":{"name":"(anonymous_0)","decl":{"start":{"line":11,"column":20},"end":{"line":11,"column":21}},"loc":{"start":{"line":11,"column":40},"end":{"line":18,"column":1}},"line":11},"1":{"name":"(anonymous_1)","decl":{"start":{"line":26,"column":16},"end":{"line":26,"column":17}},"loc":{"start":{"line":26,"column":36},"end":{"line":40,"column":1}},"line":26},"2":{"name":"(anonymous_2)","decl":{"start":{"line":35,"column":39},"end":{"line":35,"column":40}},"loc":{"start":{"line":35,"column":44},"end":{"line":35,"column":59}},"line":35},"3":{"name":"(anonymous_3)","decl":{"start":{"line":57,"column":19},"end":{"line":57,"column":20}},"loc":{"start":{"line":57,"column":39},"end":{"line":94,"column":1}},"line":57},"4":{"name":"updateUser","decl":{"start":{"line":102,"column":15},"end":{"line":102,"column":25}},"loc":{"start":{"line":102,"column":41},"end":{"line":106,"column":1}},"line":102},"5":{"name":"createUser","decl":{"start":{"line":116,"column":15},"end":{"line":116,"column":25}},"loc":{"start":{"line":116,"column":68},"end":{"line":126,"column":1}},"line":116},"6":{"name":"(anonymous_6)","decl":{"start":{"line":128,"column":19},"end":{"line":128,"column":20}},"loc":{"start":{"line":128,"column":39},"end":{"line":135,"column":1}},"line":128}},"branchMap":{"0":{"loc":{"start":{"line":30,"column":4},"end":{"line":32,"column":5}},"type":"if","locations":[{"start":{"line":30,"column":4},"end":{"line":32,"column":5}},{"start":{},"end":{}}],"line":30},"1":{"loc":{"start":{"line":61,"column":4},"end":{"line":64,"column":5}},"type":"if","locations":[{"start":{"line":61,"column":4},"end":{"line":64,"column":5}},{"start":{},"end":{}}],"line":61},"2":{"loc":{"start":{"line":68,"column":4},"end":{"line":70,"column":5}},"type":"if","locations":[{"start":{"line":68,"column":4},"end":{"line":70,"column":5}},{"start":{},"end":{}}],"line":68},"3":{"loc":{"start":{"line":72,"column":4},"end":{"line":74,"column":5}},"type":"if","locations":[{"start":{"line":72,"column":4},"end":{"line":74,"column":5}},{"start":{},"end":{}}],"line":72},"4":{"loc":{"start":{"line":77,"column":4},"end":{"line":81,"column":5}},"type":"if","locations":[{"start":{"line":77,"column":4},"end":{"line":81,"column":5}},{"start":{},"end":{}}],"line":77},"5":{"loc":{"start":{"line":77,"column":9},"end":{"line":78,"column":45}},"type":"binary-expr","locations":[{"start":{"line":77,"column":9},"end":{"line":77,"column":20}},{"start":{"line":77,"column":24},"end":{"line":77,"column":39}},{"start":{"line":77,"column":43},"end":{"line":77,"column":61}},{"start":{"line":77,"column":65},"end":{"line":77,"column":77}},{"start":{"line":78,"column":6},"end":{"line":78,"column":23}},{"start":{"line":78,"column":27},"end":{"line":78,"column":45}}],"line":77},"6":{"loc":{"start":{"line":84,"column":4},"end":{"line":87,"column":5}},"type":"if","locations":[{"start":{"line":84,"column":4},"end":{"line":87,"column":5}},{"start":{},"end":{}}],"line":84}},"s":{"0":2,"1":2,"2":2,"3":2,"4":2,"5":2,"6":1,"7":1,"8":2,"9":4,"10":4,"11":4,"12":3,"13":1,"14":2,"15":2,"16":2,"17":3,"18":2,"19":1,"20":2,"21":2,"22":8,"23":8,"24":8,"25":1,"26":1,"27":7,"28":7,"29":7,"30":7,"31":2,"32":5,"33":5,"34":1,"35":4,"36":4,"37":2,"38":2,"39":2,"40":2,"41":1,"42":1,"43":1,"44":1,"45":0,"46":0,"47":1,"48":1,"49":1,"50":1,"51":1,"52":1,"53":2,"54":2,"55":2,"56":1,"57":1,"58":2},"f":{"0":2,"1":4,"2":3,"3":8,"4":1,"5":1,"6":2},"b":{"0":[1,2],"1":[1,7],"2":[2,5],"3":[1,4],"4":[2,2],"5":[4,4,4,4,4,3],"6":[1,1]},"_coverageSchema":"1a1c01bbd47fc00a2c39e90264f33305004495a9","hash":"fd528280bf26efa95fe71b2e3c38621ca15adf06"}
,"C:\\Users\\User\\Desktop\\git\\gestNoteRanking\\server\\models\\ranks.model.js": {"path":"C:\\Users\\User\\Desktop\\git\\gestNoteRanking\\server\\models\\ranks.model.js","statementMap":{"0":{"start":{"line":1,"column":17},"end":{"line":1,"column":36}},"1":{"start":{"line":3,"column":20},"end":{"line":24,"column":2}},"2":{"start":{"line":26,"column":19},"end":{"line":26,"column":55}},"3":{"start":{"line":28,"column":0},"end":{"line":28,"column":28}}},"fnMap":{},"branchMap":{},"s":{"0":2,"1":2,"2":2,"3":2},"f":{},"b":{},"_coverageSchema":"1a1c01bbd47fc00a2c39e90264f33305004495a9","hash":"c202da509cd389d0f6d297433e084394fd53e88d"}
,"C:\\Users\\User\\Desktop\\git\\gestNoteRanking\\server\\routes\\privacyPolicy.route.js": {"path":"C:\\Users\\User\\Desktop\\git\\gestNoteRanking\\server\\routes\\privacyPolicy.route.js","statementMap":{"0":{"start":{"line":1,"column":16},"end":{"line":1,"column":34}},"1":{"start":{"line":2,"column":15},"end":{"line":2,"column":31}},"2":{"start":{"line":5,"column":4},"end":{"line":5,"column":54}},"3":{"start":{"line":7,"column":0},"end":{"line":7,"column":34}},"4":{"start":{"line":9,"column":0},"end":{"line":9,"column":24}}},"fnMap":{},"branchMap":{},"s":{"0":2,"1":2,"2":2,"3":2,"4":2},"f":{},"b":{},"_coverageSchema":"1a1c01bbd47fc00a2c39e90264f33305004495a9","hash":"bd85b56817fca60a96fad5ee96c4cf27789c9b43"}
,"C:\\Users\\User\\Desktop\\git\\gestNoteRanking\\server\\routes\\ranks.route.js": {"path":"C:\\Users\\User\\Desktop\\git\\gestNoteRanking\\server\\routes\\ranks.route.js","statementMap":{"0":{"start":{"line":1,"column":16},"end":{"line":1,"column":34}},"1":{"start":{"line":2,"column":15},"end":{"line":2,"column":31}},"2":{"start":{"line":9,"column":4},"end":{"line":9,"column":46}},"3":{"start":{"line":10,"column":18},"end":{"line":10,"column":47}},"4":{"start":{"line":13,"column":21},"end":{"line":19,"column":2}},"5":{"start":{"line":22,"column":31},"end":{"line":29,"column":1}},"6":{"start":{"line":24,"column":2},"end":{"line":26,"column":3}},"7":{"start":{"line":25,"column":4},"end":{"line":25,"column":18}},"8":{"start":{"line":28,"column":2},"end":{"line":28,"column":38}},"9":{"start":{"line":31,"column":0},"end":{"line":31,"column":34}},"10":{"start":{"line":32,"column":0},"end":{"line":32,"column":36}},"11":{"start":{"line":33,"column":0},"end":{"line":33,"column":85}},"12":{"start":{"line":34,"column":0},"end":{"line":34,"column":42}},"13":{"start":{"line":36,"column":0},"end":{"line":36,"column":24}}},"fnMap":{"0":{"name":"(anonymous_0)","decl":{"start":{"line":22,"column":31},"end":{"line":22,"column":32}},"loc":{"start":{"line":22,"column":51},"end":{"line":29,"column":1}},"line":22}},"branchMap":{"0":{"loc":{"start":{"line":24,"column":2},"end":{"line":26,"column":3}},"type":"if","locations":[{"start":{"line":24,"column":2},"end":{"line":26,"column":3}},{"start":{},"end":{}}],"line":24}},"s":{"0":2,"1":2,"2":2,"3":2,"4":2,"5":2,"6":8,"7":8,"8":0,"9":2,"10":2,"11":2,"12":2,"13":2},"f":{"0":8},"b":{"0":[8,0]},"_coverageSchema":"1a1c01bbd47fc00a2c39e90264f33305004495a9","hash":"cfcad901075e3953a52292e1761b19eb87135634"}
}
