TN:
SF:app.js
FN:28,(anonymous_0)
FN:39,(anonymous_1)
FN:41,(anonymous_2)
FN:48,userAgentMiddleware
FNF:4
FNH:3
FNDA:0,(anonymous_0)
FNDA:20,(anonymous_1)
FNDA:3,(anonymous_2)
FNDA:17,userAgentMiddleware
DA:1,2
DA:2,2
DA:3,2
DA:4,2
DA:5,2
DA:6,2
DA:8,2
DA:9,2
DA:11,2
DA:13,2
DA:14,2
DA:15,2
DA:16,2
DA:24,2
DA:25,2
DA:28,2
DA:29,0
DA:33,2
DA:38,2
DA:40,20
DA:41,3
DA:42,0
DA:44,1
DA:49,17
DA:50,17
DA:51,1
DA:53,16
DA:57,2
DA:59,2
DA:60,2
DA:62,2
DA:63,2
LF:32
LH:30
BRDA:40,0,0,19
BRDA:40,0,1,1
BRDA:41,1,0,0
BRDA:41,1,1,1
BRDA:49,2,0,17
BRDA:49,2,1,0
BRDA:50,3,0,1
BRDA:50,3,1,16
BRF:8
BRH:6
end_of_record
TN:
SF:controllers\privacyPolicy.controller.js
FN:8,(anonymous_0)
FNF:1
FNH:1
FNDA:2,(anonymous_0)
DA:1,2
DA:8,2
DA:9,2
DA:12,2
LF:4
LH:4
BRF:0
BRH:0
end_of_record
TN:
SF:controllers\ranks.controller.js
FN:11,(anonymous_0)
FN:26,(anonymous_1)
FN:35,(anonymous_2)
FN:57,(anonymous_3)
FN:102,updateUser
FN:116,createUser
FN:128,(anonymous_6)
FNF:7
FNH:7
FNDA:2,(anonymous_0)
FNDA:4,(anonymous_1)
FNDA:3,(anonymous_2)
FNDA:8,(anonymous_3)
FNDA:1,updateUser
FNDA:1,createUser
FNDA:2,(anonymous_6)
DA:1,2
DA:2,2
DA:3,2
DA:11,2
DA:12,2
DA:13,2
DA:14,1
DA:16,1
DA:26,2
DA:27,4
DA:28,4
DA:29,4
DA:30,3
DA:31,1
DA:33,2
DA:34,2
DA:35,3
DA:36,2
DA:38,1
DA:42,2
DA:57,2
DA:58,8
DA:60,8
DA:61,8
DA:62,1
DA:63,1
DA:65,7
DA:66,7
DA:67,7
DA:68,7
DA:69,2
DA:71,5
DA:72,5
DA:73,1
DA:75,4
DA:77,4
DA:80,2
DA:82,2
DA:83,2
DA:84,2
DA:85,1
DA:86,1
DA:88,1
DA:89,1
DA:91,0
DA:92,0
DA:103,1
DA:104,1
DA:105,1
DA:117,1
DA:124,1
DA:125,1
DA:128,2
DA:129,2
DA:130,2
DA:131,1
DA:133,1
DA:137,2
LF:58
LH:56
BRDA:30,0,0,1
BRDA:30,0,1,2
BRDA:61,1,0,1
BRDA:61,1,1,7
BRDA:68,2,0,2
BRDA:68,2,1,5
BRDA:72,3,0,1
BRDA:72,3,1,4
BRDA:77,4,0,2
BRDA:77,4,1,2
BRDA:77,5,0,4
BRDA:77,5,1,4
BRDA:77,5,2,4
BRDA:77,5,3,4
BRDA:77,5,4,4
BRDA:77,5,5,3
BRDA:84,6,0,1
BRDA:84,6,1,1
BRF:18
BRH:18
end_of_record
TN:
SF:models\ranks.model.js
FNF:0
FNH:0
DA:1,2
DA:3,2
DA:26,2
DA:28,2
LF:4
LH:4
BRF:0
BRH:0
end_of_record
TN:
SF:routes\privacyPolicy.route.js
FNF:0
FNH:0
DA:1,2
DA:2,2
DA:5,2
DA:7,2
DA:9,2
LF:5
LH:5
BRF:0
BRH:0
end_of_record
TN:
SF:routes\ranks.route.js
FN:22,(anonymous_0)
FNF:1
FNH:1
FNDA:8,(anonymous_0)
DA:1,2
DA:2,2
DA:9,2
DA:10,2
DA:13,2
DA:22,2
DA:24,8
DA:25,8
DA:28,0
DA:31,2
DA:32,2
DA:33,2
DA:34,2
DA:36,2
LF:14
LH:13
BRDA:24,0,0,8
BRDA:24,0,1,0
BRF:2
BRH:1
end_of_record
